<?xml version="1.0" encoding="utf-8"?>
<testsuite name="string" timestamp="1981-05-18T23:56:42.68" hostname="string" tests="1" failures="1" errors="1" skipped="0" time="0.000000">
  <properties>
    <property name="string" value="string" />
    <property name="string" value="string" />
  </properties>
  <testcase name="string" classname="string" time="0.000000">
    <error type="string">string</error>
  </testcase>
  <testcase name="string" classname="string" time="0.000000">
    <error type="string">string</error>
  </testcase>
  <testcase name="string" classname="string" time="0.000000">
    <failure message="string" type="string">string</failure>
  </testcase>
  <system-out>string</system-out>
  <system-err>string</system-err>
</testsuite>